 come in programming
 we
 love
 target
 need
 cant survive without you
 we're going to die
 want to touch heini
 Buena suerte amiguito 
 Senorita bigotona
 you
 help
 the
 the
 we
 target
 are
 oatmeal
 build you fire
 marshmallows
 chocolate
 gummi bears
 fire
 burned
 trade you for aaron
 we sold your car
 to
 to
 be
 big
 small
 enormous
 tiny
 kick
 jump
 fanny
 run
 smell
 bad
 good
 free food
 adam needs you too
 got euler
 mint water
 tobasco
 target
 target
 target
 target
 target
 target
 target
 aaron
 matt
 tyler
 adam
 rick
 reuben
 programming
 like
 program computers
 design smells funny
 come
 be
 with
 us
 we
 love
 you
 WE NEED OUR TARGET
 linux is for deaf people
 programmers spam better then designers
 WE MISS YOU!
 WE NEED YOU!
 BE OUR TARGET!
 PLEASE!!!!!
 PLZ
 OMG
 HAX
 HAXORED!!!
 rofol
 lol
 WE MIIIIISSSSS YOOOOOOU!!!!
 I
 you
 us
 we
 fire
 gasoline
 1
 help!
